C:\Program Files\Microsoft Visual Studio\2022\Community\MSBuild\Microsoft\VC\v170\Microsoft.CppBuild.targets(523,5): warning MSB8004: Intermediate 目錄結尾不是結尾斜線。這個建置執行個體將會加入此斜線，因為這樣才能正確評估 Intermediate 目錄。
C:\Program Files\Microsoft Visual Studio\2022\Community\MSBuild\Microsoft\VC\v170\Microsoft.CppBuild.targets(524,5): warning MSB8004: Output 目錄結尾不是結尾斜線。這個建置執行個體將會加入此斜線，因為這樣才能正確評估 Output 目錄。
<<<<<<< HEAD
  flipflop.c
  LINK : 最後的累加連結找不到或未建置 ..\temp\debug\FlipFlop_Calculator.exe，正在執行完整連結
=======
  Main.c
<<<<<<< HEAD
  FlipFlop_Calculator.vcxproj -> C:\Users\peihu\OneDrive\Desktop\FlipFlop_Calculator\FlipFlop_Calculator\temp\debug\FlipFlop_Calculator.exe
=======
<<<<<<< HEAD
  FlipFlop_Calculator.vcxproj -> C:\Users\jeiyi\Desktop\FlipFlop_Calculator\FlipFlop_Calculator\temp\debug\FlipFlop_Calculator.exe
=======
<<<<<<< HEAD
C:\Users\peihu\OneDrive\Desktop\FlipFlop_Calculator\FlipFlop_Calculator\source\Main.c(12,31): error C2143: 語法錯誤: 遺漏 ';' (在 '[' 之前)
C:\Users\peihu\OneDrive\Desktop\FlipFlop_Calculator\FlipFlop_Calculator\source\Main.c(35,28): error C2143: 語法錯誤: 遺漏 ';' (在 '[' 之前)
C:\Users\peihu\OneDrive\Desktop\FlipFlop_Calculator\FlipFlop_Calculator\source\Main.c(12,9): error C4996: 'scanf': This function or variable may be unsafe. Consider using scanf_s instead. To disable deprecation, use _CRT_SECURE_NO_WARNINGS. See online help for details.
C:\Users\peihu\OneDrive\Desktop\FlipFlop_Calculator\FlipFlop_Calculator\source\Main.c(17,9): error C4996: 'scanf': This function or variable may be unsafe. Consider using scanf_s instead. To disable deprecation, use _CRT_SECURE_NO_WARNINGS. See online help for details.
C:\Users\peihu\OneDrive\Desktop\FlipFlop_Calculator\FlipFlop_Calculator\source\Main.c(31,16): error C4996: 'fopen': This function or variable may be unsafe. Consider using fopen_s instead. To disable deprecation, use _CRT_SECURE_NO_WARNINGS. See online help for details.
=======
>>>>>>> 072f6714f5e350e4f739d19d527ec159820e787d
  FlipFlop_Calculator.vcxproj -> D:\MYFILES\Documents\HYC\北科\程式期末專題\FlipFlop_Calculator\FlipFlop_Calculator\temp\debug\FlipFlop_Calculator.exe
>>>>>>> 301c5e25ba9d24bd83402da15e8cfb2bb058082c
>>>>>>> 21b26538a3789658a92afd3a8f85bbc9c07e88ba
>>>>>>> 51ace8f8b1323916b67ec315e46d95a1e5349b75
